<?xml version="1.0" encoding="UTF-8"?>
<!-- Generated by org.testng.reporters.JUnitXMLReporter -->
<testsuite ignored="0" hostname="Sandesh" failures="0" tests="11" name="Default test" time="212.308" errors="0" timestamp="2023-09-08T22:37:30 IST">
  <testcase classname="OrangeHRM.pages.AddEmployeeTest" name="verifyAddEmployeepage" time="15.489"/>
  <testcase classname="OrangeHRM.pages.AddEmployeeTest" name="verifyCreateLoginDetails" time="18.775"/>
  <testcase classname="OrangeHRM.pages.AddEmployeeTest" name="verifyWithfnameAndlname" time="11.975"/>
  <testcase classname="OrangeHRM.pages.AddEmployeeTest" name="verifyWithEmployeeID" time="12.395"/>
  <testcase classname="OrangeHRM.pages.AddEmployeeTest" name="verifyCancelButton" time="9.632"/>
  <testcase classname="OrangeHRM.pages.AddEmployeeTest" name="verifyWithBlankFnameandLname" time="9.064"/>
  <testcase classname="OrangeHRM.pages.AddEmployeeTest" name="verifyWithInvalidUsername" time="12.812"/>
  <testcase classname="OrangeHRM.pages.AddEmployeeTest" name="verifyWithInvalidPassword" time="13.709"/>
  <testcase classname="OrangeHRM.pages.AddEmployeeTest" name="verifyConfirmPasswordErrmsg" time="10.361"/>
  <testcase classname="OrangeHRM.pages.AddEmployeeTest" name="verifyWithInvalidFormat" time="12.222"/>
  <testcase classname="OrangeHRM.pages.AddEmployeeTest" name="verifyWithInvalidEmployeeID" time="8.041"/>
</testsuite> <!-- Default test -->
