<?xml version="1.0" encoding="UTF-8"?>
<testng-results ignored="0" total="19" passed="18" failed="1" skipped="0">
  <reporter-output>
  </reporter-output>
  <suite started-at="2023-09-08T22:39:06 IST" name="Suite" finished-at="2023-09-08T22:44:11 IST" duration-ms="304720">
    <groups>
    </groups>
    <test started-at="2023-09-08T22:39:06 IST" name="Test" finished-at="2023-09-08T22:44:11 IST" duration-ms="304720">
      <class name="OrangeHRM.pages.HomePageTest">
        <test-method is-config="true" signature="launchApp()[pri:0, instance:OrangeHRM.pages.HomePageTest@71ba6d4e]" started-at="2023-09-08T22:40:14 IST" name="launchApp" finished-at="2023-09-08T22:40:23 IST" duration-ms="9020" status="PASS">
          <reporter-output>
          </reporter-output>
        </test-method> <!-- launchApp -->
        <test-method signature="pim()[pri:8, instance:OrangeHRM.pages.HomePageTest@71ba6d4e]" started-at="2023-09-08T22:40:23 IST" name="pim" finished-at="2023-09-08T22:40:29 IST" duration-ms="5478" status="PASS">
          <reporter-output>
          </reporter-output>
        </test-method> <!-- pim -->
        <test-method is-config="true" signature="closeApp()[pri:0, instance:OrangeHRM.pages.HomePageTest@71ba6d4e]" started-at="2023-09-08T22:40:29 IST" name="closeApp" finished-at="2023-09-08T22:40:29 IST" duration-ms="125" status="PASS">
          <reporter-output>
          </reporter-output>
        </test-method> <!-- closeApp -->
      </class> <!-- OrangeHRM.pages.HomePageTest -->
      <class name="OrangeHRM.pages.LoginPageTest">
        <test-method is-config="true" signature="launchApp()[pri:0, instance:OrangeHRM.pages.LoginPageTest@7d4f9aae]" started-at="2023-09-08T22:39:07 IST" name="launchApp" finished-at="2023-09-08T22:39:15 IST" duration-ms="8031" status="PASS">
          <reporter-output>
          </reporter-output>
        </test-method> <!-- launchApp -->
        <test-method signature="loginPageTest()[pri:1, instance:OrangeHRM.pages.LoginPageTest@7d4f9aae]" started-at="2023-09-08T22:39:15 IST" name="loginPageTest" finished-at="2023-09-08T22:39:17 IST" duration-ms="2592" status="PASS">
          <reporter-output>
          </reporter-output>
        </test-method> <!-- loginPageTest -->
        <test-method is-config="true" signature="closeApp()[pri:0, instance:OrangeHRM.pages.LoginPageTest@7d4f9aae]" started-at="2023-09-08T22:39:17 IST" name="closeApp" finished-at="2023-09-08T22:39:17 IST" duration-ms="146" status="PASS">
          <reporter-output>
          </reporter-output>
        </test-method> <!-- closeApp -->
        <test-method is-config="true" signature="launchApp()[pri:0, instance:OrangeHRM.pages.LoginPageTest@7d4f9aae]" started-at="2023-09-08T22:39:17 IST" name="launchApp" finished-at="2023-09-08T22:39:23 IST" duration-ms="5405" status="PASS">
          <reporter-output>
          </reporter-output>
        </test-method> <!-- launchApp -->
        <test-method signature="verifyWithInvadidUsername()[pri:2, instance:OrangeHRM.pages.LoginPageTest@7d4f9aae]" started-at="2023-09-08T22:39:23 IST" name="verifyWithInvadidUsername" finished-at="2023-09-08T22:39:25 IST" duration-ms="2229" status="PASS">
          <reporter-output>
          </reporter-output>
        </test-method> <!-- verifyWithInvadidUsername -->
        <test-method is-config="true" signature="closeApp()[pri:0, instance:OrangeHRM.pages.LoginPageTest@7d4f9aae]" started-at="2023-09-08T22:39:25 IST" name="closeApp" finished-at="2023-09-08T22:39:25 IST" duration-ms="106" status="PASS">
          <reporter-output>
          </reporter-output>
        </test-method> <!-- closeApp -->
        <test-method is-config="true" signature="launchApp()[pri:0, instance:OrangeHRM.pages.LoginPageTest@7d4f9aae]" started-at="2023-09-08T22:39:25 IST" name="launchApp" finished-at="2023-09-08T22:39:37 IST" duration-ms="11729" status="PASS">
          <reporter-output>
          </reporter-output>
        </test-method> <!-- launchApp -->
        <test-method signature="verifyWithBlankUsername()[pri:3, instance:OrangeHRM.pages.LoginPageTest@7d4f9aae]" started-at="2023-09-08T22:39:37 IST" name="verifyWithBlankUsername" finished-at="2023-09-08T22:39:38 IST" duration-ms="1116" status="PASS">
          <reporter-output>
          </reporter-output>
        </test-method> <!-- verifyWithBlankUsername -->
        <test-method is-config="true" signature="closeApp()[pri:0, instance:OrangeHRM.pages.LoginPageTest@7d4f9aae]" started-at="2023-09-08T22:39:38 IST" name="closeApp" finished-at="2023-09-08T22:39:38 IST" duration-ms="101" status="PASS">
          <reporter-output>
          </reporter-output>
        </test-method> <!-- closeApp -->
        <test-method is-config="true" signature="launchApp()[pri:0, instance:OrangeHRM.pages.LoginPageTest@7d4f9aae]" started-at="2023-09-08T22:39:38 IST" name="launchApp" finished-at="2023-09-08T22:39:45 IST" duration-ms="7311" status="PASS">
          <reporter-output>
          </reporter-output>
        </test-method> <!-- launchApp -->
        <test-method signature="verifyWithBlankPassword()[pri:4, instance:OrangeHRM.pages.LoginPageTest@7d4f9aae]" started-at="2023-09-08T22:39:45 IST" name="verifyWithBlankPassword" finished-at="2023-09-08T22:39:46 IST" duration-ms="1006" status="PASS">
          <reporter-output>
          </reporter-output>
        </test-method> <!-- verifyWithBlankPassword -->
        <test-method is-config="true" signature="closeApp()[pri:0, instance:OrangeHRM.pages.LoginPageTest@7d4f9aae]" started-at="2023-09-08T22:39:46 IST" name="closeApp" finished-at="2023-09-08T22:39:46 IST" duration-ms="134" status="PASS">
          <reporter-output>
          </reporter-output>
        </test-method> <!-- closeApp -->
        <test-method is-config="true" signature="launchApp()[pri:0, instance:OrangeHRM.pages.LoginPageTest@7d4f9aae]" started-at="2023-09-08T22:39:46 IST" name="launchApp" finished-at="2023-09-08T22:39:53 IST" duration-ms="6649" status="PASS">
          <reporter-output>
          </reporter-output>
        </test-method> <!-- launchApp -->
        <test-method signature="verifyWithInvalidPassword()[pri:5, instance:OrangeHRM.pages.LoginPageTest@7d4f9aae]" started-at="2023-09-08T22:39:53 IST" name="verifyWithInvalidPassword" finished-at="2023-09-08T22:39:56 IST" duration-ms="2613" status="PASS">
          <reporter-output>
          </reporter-output>
        </test-method> <!-- verifyWithInvalidPassword -->
        <test-method is-config="true" signature="closeApp()[pri:0, instance:OrangeHRM.pages.LoginPageTest@7d4f9aae]" started-at="2023-09-08T22:39:56 IST" name="closeApp" finished-at="2023-09-08T22:39:56 IST" duration-ms="145" status="PASS">
          <reporter-output>
          </reporter-output>
        </test-method> <!-- closeApp -->
        <test-method is-config="true" signature="launchApp()[pri:0, instance:OrangeHRM.pages.LoginPageTest@7d4f9aae]" started-at="2023-09-08T22:39:56 IST" name="launchApp" finished-at="2023-09-08T22:40:05 IST" duration-ms="8951" status="PASS">
          <reporter-output>
          </reporter-output>
        </test-method> <!-- launchApp -->
        <test-method signature="verifyLoginWithInvalidCredentials()[pri:6, instance:OrangeHRM.pages.LoginPageTest@7d4f9aae]" started-at="2023-09-08T22:40:05 IST" name="verifyLoginWithInvalidCredentials" finished-at="2023-09-08T22:40:08 IST" duration-ms="3200" status="PASS">
          <reporter-output>
          </reporter-output>
        </test-method> <!-- verifyLoginWithInvalidCredentials -->
        <test-method is-config="true" signature="closeApp()[pri:0, instance:OrangeHRM.pages.LoginPageTest@7d4f9aae]" started-at="2023-09-08T22:40:08 IST" name="closeApp" finished-at="2023-09-08T22:40:08 IST" duration-ms="147" status="PASS">
          <reporter-output>
          </reporter-output>
        </test-method> <!-- closeApp -->
        <test-method is-config="true" signature="launchApp()[pri:0, instance:OrangeHRM.pages.LoginPageTest@7d4f9aae]" started-at="2023-09-08T22:40:08 IST" name="launchApp" finished-at="2023-09-08T22:40:13 IST" duration-ms="4796" status="PASS">
          <reporter-output>
          </reporter-output>
        </test-method> <!-- launchApp -->
        <test-method signature="verifyLoginWithBlankCredentials()[pri:7, instance:OrangeHRM.pages.LoginPageTest@7d4f9aae]" started-at="2023-09-08T22:40:13 IST" name="verifyLoginWithBlankCredentials" finished-at="2023-09-08T22:40:14 IST" duration-ms="1193" status="PASS">
          <reporter-output>
          </reporter-output>
        </test-method> <!-- verifyLoginWithBlankCredentials -->
        <test-method is-config="true" signature="closeApp()[pri:0, instance:OrangeHRM.pages.LoginPageTest@7d4f9aae]" started-at="2023-09-08T22:40:14 IST" name="closeApp" finished-at="2023-09-08T22:40:14 IST" duration-ms="90" status="PASS">
          <reporter-output>
          </reporter-output>
        </test-method> <!-- closeApp -->
      </class> <!-- OrangeHRM.pages.LoginPageTest -->
      <class name="OrangeHRM.pages.AddEmployeeTest">
        <test-method is-config="true" signature="launchApp()[pri:0, instance:OrangeHRM.pages.AddEmployeeTest@738dc9b]" started-at="2023-09-08T22:40:29 IST" name="launchApp" finished-at="2023-09-08T22:40:35 IST" duration-ms="6214" status="PASS">
          <reporter-output>
          </reporter-output>
        </test-method> <!-- launchApp -->
        <test-method signature="verifyAddEmployeepage()[pri:9, instance:OrangeHRM.pages.AddEmployeeTest@738dc9b]" started-at="2023-09-08T22:40:35 IST" name="verifyAddEmployeepage" finished-at="2023-09-08T22:40:50 IST" duration-ms="15177" status="PASS">
          <reporter-output>
          </reporter-output>
        </test-method> <!-- verifyAddEmployeepage -->
        <test-method is-config="true" signature="closeApp()[pri:0, instance:OrangeHRM.pages.AddEmployeeTest@738dc9b]" started-at="2023-09-08T22:40:50 IST" name="closeApp" finished-at="2023-09-08T22:40:50 IST" duration-ms="172" status="PASS">
          <reporter-output>
          </reporter-output>
        </test-method> <!-- closeApp -->
        <test-method is-config="true" signature="launchApp()[pri:0, instance:OrangeHRM.pages.AddEmployeeTest@738dc9b]" started-at="2023-09-08T22:40:50 IST" name="launchApp" finished-at="2023-09-08T22:40:58 IST" duration-ms="7879" status="PASS">
          <reporter-output>
          </reporter-output>
        </test-method> <!-- launchApp -->
        <test-method signature="verifyCreateLoginDetails()[pri:10, instance:OrangeHRM.pages.AddEmployeeTest@738dc9b]" started-at="2023-09-08T22:40:58 IST" name="verifyCreateLoginDetails" finished-at="2023-09-08T22:41:31 IST" duration-ms="32711" status="FAIL">
          <exception class="org.openqa.selenium.NoSuchElementException">
            <message>
              <![CDATA[no such element: Unable to locate element: {"method":"xpath","selector":"//*[@id="app"]/div[1]/div[2]/div[2]/div/div/div/div[2]/div[1]/h6"}
  (Session info: chrome=116.0.5845.142)
For documentation on this error, please visit: https://www.selenium.dev/documentation/webdriver/troubleshooting/errors#no-such-element-exception
Build info: version: '4.11.0', revision: '040bc5406b'
System info: os.name: 'Windows 11', os.arch: 'amd64', os.version: '10.0', java.version: '17.0.6'
Driver info: org.openqa.selenium.chrome.ChromeDriver
Command: [3196a7a625ef7a67904b8eecf957f91f, findElement {using=xpath, value=//*[@id="app"]/div[1]/div[2]/div[2]/div/div/div/div[2]/div[1]/h6}]
Capabilities {acceptInsecureCerts: false, browserName: chrome, browserVersion: 116.0.5845.142, chrome: {chromedriverVersion: 116.0.5845.96 (1a3918166880..., userDataDir: C:\Users\HP\AppData\Local\T...}, fedcm:accounts: true, goog:chromeOptions: {debuggerAddress: localhost:62550}, networkConnectionEnabled: false, pageLoadStrategy: normal, platformName: windows, proxy: Proxy(), se:cdp: ws://localhost:62550/devtoo..., se:cdpVersion: 116.0.5845.142, setWindowRect: true, strictFileInteractability: false, timeouts: {implicit: 0, pageLoad: 300000, script: 30000}, unhandledPromptBehavior: dismiss and notify, webauthn:extension:credBlob: true, webauthn:extension:largeBlob: true, webauthn:extension:minPinLength: true, webauthn:extension:prf: true, webauthn:virtualAuthenticators: true}
Session ID: 3196a7a625ef7a67904b8eecf957f91f]]>
            </message>
            <full-stacktrace>
              <![CDATA[org.openqa.selenium.NoSuchElementException: no such element: Unable to locate element: {"method":"xpath","selector":"//*[@id="app"]/div[1]/div[2]/div[2]/div/div/div/div[2]/div[1]/h6"}
  (Session info: chrome=116.0.5845.142)
For documentation on this error, please visit: https://www.selenium.dev/documentation/webdriver/troubleshooting/errors#no-such-element-exception
Build info: version: '4.11.0', revision: '040bc5406b'
System info: os.name: 'Windows 11', os.arch: 'amd64', os.version: '10.0', java.version: '17.0.6'
Driver info: org.openqa.selenium.chrome.ChromeDriver
Command: [3196a7a625ef7a67904b8eecf957f91f, findElement {using=xpath, value=//*[@id="app"]/div[1]/div[2]/div[2]/div/div/div/div[2]/div[1]/h6}]
Capabilities {acceptInsecureCerts: false, browserName: chrome, browserVersion: 116.0.5845.142, chrome: {chromedriverVersion: 116.0.5845.96 (1a3918166880..., userDataDir: C:\Users\HP\AppData\Local\T...}, fedcm:accounts: true, goog:chromeOptions: {debuggerAddress: localhost:62550}, networkConnectionEnabled: false, pageLoadStrategy: normal, platformName: windows, proxy: Proxy(), se:cdp: ws://localhost:62550/devtoo..., se:cdpVersion: 116.0.5845.142, setWindowRect: true, strictFileInteractability: false, timeouts: {implicit: 0, pageLoad: 300000, script: 30000}, unhandledPromptBehavior: dismiss and notify, webauthn:extension:credBlob: true, webauthn:extension:largeBlob: true, webauthn:extension:minPinLength: true, webauthn:extension:prf: true, webauthn:virtualAuthenticators: true}
Session ID: 3196a7a625ef7a67904b8eecf957f91f
at java.base/jdk.internal.reflect.NativeConstructorAccessorImpl.newInstance0(Native Method)
at java.base/jdk.internal.reflect.NativeConstructorAccessorImpl.newInstance(NativeConstructorAccessorImpl.java:77)
at java.base/jdk.internal.reflect.DelegatingConstructorAccessorImpl.newInstance(DelegatingConstructorAccessorImpl.java:45)
at java.base/java.lang.reflect.Constructor.newInstanceWithCaller(Constructor.java:499)
at java.base/java.lang.reflect.Constructor.newInstance(Constructor.java:480)
at org.openqa.selenium.remote.codec.w3c.W3CHttpResponseCodec.createException(W3CHttpResponseCodec.java:200)
at org.openqa.selenium.remote.codec.w3c.W3CHttpResponseCodec.decode(W3CHttpResponseCodec.java:133)
at org.openqa.selenium.remote.codec.w3c.W3CHttpResponseCodec.decode(W3CHttpResponseCodec.java:52)
at org.openqa.selenium.remote.HttpCommandExecutor.execute(HttpCommandExecutor.java:191)
at org.openqa.selenium.remote.service.DriverCommandExecutor.invokeExecute(DriverCommandExecutor.java:196)
at org.openqa.selenium.remote.service.DriverCommandExecutor.execute(DriverCommandExecutor.java:171)
at org.openqa.selenium.remote.RemoteWebDriver.execute(RemoteWebDriver.java:518)
at org.openqa.selenium.remote.ElementLocation$ElementFinder$2.findElement(ElementLocation.java:165)
at org.openqa.selenium.remote.ElementLocation.findElement(ElementLocation.java:59)
at org.openqa.selenium.remote.RemoteWebDriver.findElement(RemoteWebDriver.java:355)
at org.openqa.selenium.remote.RemoteWebDriver.findElement(RemoteWebDriver.java:349)
at org.openqa.selenium.support.pagefactory.DefaultElementLocator.findElement(DefaultElementLocator.java:68)
at org.openqa.selenium.support.pagefactory.internal.LocatingElementHandler.invoke(LocatingElementHandler.java:38)
at jdk.proxy2/jdk.proxy2.$Proxy16.getText(Unknown Source)
at OrangeHRM.pages.AddEmployeeTest.verifyCreateLoginDetails(AddEmployeeTest.java:58)
at java.base/jdk.internal.reflect.NativeMethodAccessorImpl.invoke0(Native Method)
at java.base/jdk.internal.reflect.NativeMethodAccessorImpl.invoke(NativeMethodAccessorImpl.java:77)
at java.base/jdk.internal.reflect.DelegatingMethodAccessorImpl.invoke(DelegatingMethodAccessorImpl.java:43)
at java.base/java.lang.reflect.Method.invoke(Method.java:568)
at org.testng.internal.invokers.MethodInvocationHelper.invokeMethod(MethodInvocationHelper.java:139)
at org.testng.internal.invokers.TestInvoker.invokeMethod(TestInvoker.java:664)
at org.testng.internal.invokers.TestInvoker.invokeTestMethod(TestInvoker.java:227)
at org.testng.internal.invokers.MethodRunner.runInSequence(MethodRunner.java:50)
at org.testng.internal.invokers.TestInvoker$MethodInvocationAgent.invoke(TestInvoker.java:957)
at org.testng.internal.invokers.TestInvoker.invokeTestMethods(TestInvoker.java:200)
at org.testng.internal.invokers.TestMethodWorker.invokeTestMethods(TestMethodWorker.java:148)
at org.testng.internal.invokers.TestMethodWorker.run(TestMethodWorker.java:128)
at java.base/java.util.ArrayList.forEach(ArrayList.java:1511)
at org.testng.TestRunner.privateRun(TestRunner.java:848)
at org.testng.TestRunner.run(TestRunner.java:621)
at org.testng.SuiteRunner.runTest(SuiteRunner.java:443)
at org.testng.SuiteRunner.runSequentially(SuiteRunner.java:437)
at org.testng.SuiteRunner.privateRun(SuiteRunner.java:397)
at org.testng.SuiteRunner.run(SuiteRunner.java:336)
at org.testng.SuiteRunnerWorker.runSuite(SuiteRunnerWorker.java:52)
at org.testng.SuiteRunnerWorker.run(SuiteRunnerWorker.java:95)
at org.testng.TestNG.runSuitesSequentially(TestNG.java:1280)
at org.testng.TestNG.runSuitesLocally(TestNG.java:1200)
at org.testng.TestNG.runSuites(TestNG.java:1114)
at org.testng.TestNG.run(TestNG.java:1082)
at org.testng.remote.AbstractRemoteTestNG.run(AbstractRemoteTestNG.java:115)
at org.testng.remote.RemoteTestNG.initAndRun(RemoteTestNG.java:251)
at org.testng.remote.RemoteTestNG.main(RemoteTestNG.java:77)
]]>
            </full-stacktrace>
          </exception> <!-- org.openqa.selenium.NoSuchElementException -->
          <reporter-output>
          </reporter-output>
        </test-method> <!-- verifyCreateLoginDetails -->
        <test-method is-config="true" signature="closeApp()[pri:0, instance:OrangeHRM.pages.AddEmployeeTest@738dc9b]" started-at="2023-09-08T22:41:31 IST" name="closeApp" finished-at="2023-09-08T22:41:31 IST" duration-ms="156" status="PASS">
          <reporter-output>
          </reporter-output>
        </test-method> <!-- closeApp -->
        <test-method is-config="true" signature="launchApp()[pri:0, instance:OrangeHRM.pages.AddEmployeeTest@738dc9b]" started-at="2023-09-08T22:41:31 IST" name="launchApp" finished-at="2023-09-08T22:41:37 IST" duration-ms="5559" status="PASS">
          <reporter-output>
          </reporter-output>
        </test-method> <!-- launchApp -->
        <test-method signature="verifyWithfnameAndlname()[pri:11, instance:OrangeHRM.pages.AddEmployeeTest@738dc9b]" started-at="2023-09-08T22:41:37 IST" name="verifyWithfnameAndlname" finished-at="2023-09-08T22:41:49 IST" duration-ms="12437" status="PASS">
          <reporter-output>
          </reporter-output>
        </test-method> <!-- verifyWithfnameAndlname -->
        <test-method is-config="true" signature="closeApp()[pri:0, instance:OrangeHRM.pages.AddEmployeeTest@738dc9b]" started-at="2023-09-08T22:41:49 IST" name="closeApp" finished-at="2023-09-08T22:41:49 IST" duration-ms="157" status="PASS">
          <reporter-output>
          </reporter-output>
        </test-method> <!-- closeApp -->
        <test-method is-config="true" signature="launchApp()[pri:0, instance:OrangeHRM.pages.AddEmployeeTest@738dc9b]" started-at="2023-09-08T22:41:49 IST" name="launchApp" finished-at="2023-09-08T22:41:55 IST" duration-ms="5361" status="PASS">
          <reporter-output>
          </reporter-output>
        </test-method> <!-- launchApp -->
        <test-method signature="verifyWithEmployeeID()[pri:12, instance:OrangeHRM.pages.AddEmployeeTest@738dc9b]" started-at="2023-09-08T22:41:55 IST" name="verifyWithEmployeeID" finished-at="2023-09-08T22:42:09 IST" duration-ms="14254" status="PASS">
          <reporter-output>
          </reporter-output>
        </test-method> <!-- verifyWithEmployeeID -->
        <test-method is-config="true" signature="closeApp()[pri:0, instance:OrangeHRM.pages.AddEmployeeTest@738dc9b]" started-at="2023-09-08T22:42:09 IST" name="closeApp" finished-at="2023-09-08T22:42:09 IST" duration-ms="120" status="PASS">
          <reporter-output>
          </reporter-output>
        </test-method> <!-- closeApp -->
        <test-method is-config="true" signature="launchApp()[pri:0, instance:OrangeHRM.pages.AddEmployeeTest@738dc9b]" started-at="2023-09-08T22:42:09 IST" name="launchApp" finished-at="2023-09-08T22:42:16 IST" duration-ms="6414" status="PASS">
          <reporter-output>
          </reporter-output>
        </test-method> <!-- launchApp -->
        <test-method signature="verifyCancelButton()[pri:13, instance:OrangeHRM.pages.AddEmployeeTest@738dc9b]" started-at="2023-09-08T22:42:16 IST" name="verifyCancelButton" finished-at="2023-09-08T22:42:26 IST" duration-ms="10265" status="PASS">
          <reporter-output>
          </reporter-output>
        </test-method> <!-- verifyCancelButton -->
        <test-method is-config="true" signature="closeApp()[pri:0, instance:OrangeHRM.pages.AddEmployeeTest@738dc9b]" started-at="2023-09-08T22:42:26 IST" name="closeApp" finished-at="2023-09-08T22:42:26 IST" duration-ms="187" status="PASS">
          <reporter-output>
          </reporter-output>
        </test-method> <!-- closeApp -->
        <test-method is-config="true" signature="launchApp()[pri:0, instance:OrangeHRM.pages.AddEmployeeTest@738dc9b]" started-at="2023-09-08T22:42:26 IST" name="launchApp" finished-at="2023-09-08T22:42:32 IST" duration-ms="6321" status="PASS">
          <reporter-output>
          </reporter-output>
        </test-method> <!-- launchApp -->
        <test-method signature="verifyWithBlankFnameandLname()[pri:14, instance:OrangeHRM.pages.AddEmployeeTest@738dc9b]" started-at="2023-09-08T22:42:32 IST" name="verifyWithBlankFnameandLname" finished-at="2023-09-08T22:42:40 IST" duration-ms="7740" status="PASS">
          <reporter-output>
          </reporter-output>
        </test-method> <!-- verifyWithBlankFnameandLname -->
        <test-method is-config="true" signature="closeApp()[pri:0, instance:OrangeHRM.pages.AddEmployeeTest@738dc9b]" started-at="2023-09-08T22:42:40 IST" name="closeApp" finished-at="2023-09-08T22:42:40 IST" duration-ms="119" status="PASS">
          <reporter-output>
          </reporter-output>
        </test-method> <!-- closeApp -->
        <test-method is-config="true" signature="launchApp()[pri:0, instance:OrangeHRM.pages.AddEmployeeTest@738dc9b]" started-at="2023-09-08T22:42:40 IST" name="launchApp" finished-at="2023-09-08T22:42:49 IST" duration-ms="9063" status="PASS">
          <reporter-output>
          </reporter-output>
        </test-method> <!-- launchApp -->
        <test-method signature="verifyWithInvalidUsername()[pri:15, instance:OrangeHRM.pages.AddEmployeeTest@738dc9b]" started-at="2023-09-08T22:42:49 IST" name="verifyWithInvalidUsername" finished-at="2023-09-08T22:42:59 IST" duration-ms="10109" status="PASS">
          <reporter-output>
          </reporter-output>
        </test-method> <!-- verifyWithInvalidUsername -->
        <test-method is-config="true" signature="closeApp()[pri:0, instance:OrangeHRM.pages.AddEmployeeTest@738dc9b]" started-at="2023-09-08T22:42:59 IST" name="closeApp" finished-at="2023-09-08T22:43:00 IST" duration-ms="200" status="PASS">
          <reporter-output>
          </reporter-output>
        </test-method> <!-- closeApp -->
        <test-method is-config="true" signature="launchApp()[pri:0, instance:OrangeHRM.pages.AddEmployeeTest@738dc9b]" started-at="2023-09-08T22:43:00 IST" name="launchApp" finished-at="2023-09-08T22:43:06 IST" duration-ms="6204" status="PASS">
          <reporter-output>
          </reporter-output>
        </test-method> <!-- launchApp -->
        <test-method signature="verifyWithInvalidPassword()[pri:16, instance:OrangeHRM.pages.AddEmployeeTest@738dc9b]" started-at="2023-09-08T22:43:06 IST" name="verifyWithInvalidPassword" finished-at="2023-09-08T22:43:17 IST" duration-ms="11604" status="PASS">
          <reporter-output>
          </reporter-output>
        </test-method> <!-- verifyWithInvalidPassword -->
        <test-method is-config="true" signature="closeApp()[pri:0, instance:OrangeHRM.pages.AddEmployeeTest@738dc9b]" started-at="2023-09-08T22:43:17 IST" name="closeApp" finished-at="2023-09-08T22:43:18 IST" duration-ms="157" status="PASS">
          <reporter-output>
          </reporter-output>
        </test-method> <!-- closeApp -->
        <test-method is-config="true" signature="launchApp()[pri:0, instance:OrangeHRM.pages.AddEmployeeTest@738dc9b]" started-at="2023-09-08T22:43:18 IST" name="launchApp" finished-at="2023-09-08T22:43:27 IST" duration-ms="9118" status="PASS">
          <reporter-output>
          </reporter-output>
        </test-method> <!-- launchApp -->
        <test-method signature="verifyConfirmPasswordErrmsg()[pri:17, instance:OrangeHRM.pages.AddEmployeeTest@738dc9b]" started-at="2023-09-08T22:43:27 IST" name="verifyConfirmPasswordErrmsg" finished-at="2023-09-08T22:43:36 IST" duration-ms="9668" status="PASS">
          <reporter-output>
          </reporter-output>
        </test-method> <!-- verifyConfirmPasswordErrmsg -->
        <test-method is-config="true" signature="closeApp()[pri:0, instance:OrangeHRM.pages.AddEmployeeTest@738dc9b]" started-at="2023-09-08T22:43:36 IST" name="closeApp" finished-at="2023-09-08T22:43:36 IST" duration-ms="138" status="PASS">
          <reporter-output>
          </reporter-output>
        </test-method> <!-- closeApp -->
        <test-method is-config="true" signature="launchApp()[pri:0, instance:OrangeHRM.pages.AddEmployeeTest@738dc9b]" started-at="2023-09-08T22:43:36 IST" name="launchApp" finished-at="2023-09-08T22:43:45 IST" duration-ms="8668" status="PASS">
          <reporter-output>
          </reporter-output>
        </test-method> <!-- launchApp -->
        <test-method signature="verifyWithInvalidFormat()[pri:18, instance:OrangeHRM.pages.AddEmployeeTest@738dc9b]" started-at="2023-09-08T22:43:45 IST" name="verifyWithInvalidFormat" finished-at="2023-09-08T22:43:55 IST" duration-ms="9855" status="PASS">
          <reporter-output>
          </reporter-output>
        </test-method> <!-- verifyWithInvalidFormat -->
        <test-method is-config="true" signature="closeApp()[pri:0, instance:OrangeHRM.pages.AddEmployeeTest@738dc9b]" started-at="2023-09-08T22:43:55 IST" name="closeApp" finished-at="2023-09-08T22:43:55 IST" duration-ms="148" status="PASS">
          <reporter-output>
          </reporter-output>
        </test-method> <!-- closeApp -->
        <test-method is-config="true" signature="launchApp()[pri:0, instance:OrangeHRM.pages.AddEmployeeTest@738dc9b]" started-at="2023-09-08T22:43:55 IST" name="launchApp" finished-at="2023-09-08T22:44:01 IST" duration-ms="6039" status="PASS">
          <reporter-output>
          </reporter-output>
        </test-method> <!-- launchApp -->
        <test-method signature="verifyWithInvalidEmployeeID()[pri:19, instance:OrangeHRM.pages.AddEmployeeTest@738dc9b]" started-at="2023-09-08T22:44:01 IST" name="verifyWithInvalidEmployeeID" finished-at="2023-09-08T22:44:11 IST" duration-ms="9875" status="PASS">
          <reporter-output>
          </reporter-output>
        </test-method> <!-- verifyWithInvalidEmployeeID -->
        <test-method is-config="true" signature="closeApp()[pri:0, instance:OrangeHRM.pages.AddEmployeeTest@738dc9b]" started-at="2023-09-08T22:44:11 IST" name="closeApp" finished-at="2023-09-08T22:44:11 IST" duration-ms="137" status="PASS">
          <reporter-output>
          </reporter-output>
        </test-method> <!-- closeApp -->
      </class> <!-- OrangeHRM.pages.AddEmployeeTest -->
    </test> <!-- Test -->
  </suite> <!-- Suite -->
</testng-results>
